<?xml version="1.0" encoding="UTF-8" ?>
<testsuites name="vitest tests" tests="44" failures="0" errors="0" time="9.7109501">
    <testsuite name="tests/api/contracts.test.ts" timestamp="2026-02-05T12:18:39.318Z" hostname="DESKTOP-N8CMKV6" tests="22" failures="0" errors="0" skipped="0" time="0.0320706">
        <testcase classname="tests/api/contracts.test.ts" name="API Contract: Schema Constants &gt; VALID_ROLES &gt; should contain expected roles" time="0.0037574">
        </testcase>
        <testcase classname="tests/api/contracts.test.ts" name="API Contract: Schema Constants &gt; VALID_ROLES &gt; should have exactly 3 roles" time="0.0009578">
        </testcase>
        <testcase classname="tests/api/contracts.test.ts" name="API Contract: Schema Constants &gt; VALID_FEATURE_KEYS &gt; should contain expected feature keys" time="0.0011314">
        </testcase>
        <testcase classname="tests/api/contracts.test.ts" name="API Contract: Schema Constants &gt; VALID_FEATURE_KEYS &gt; should have exactly 6 feature keys" time="0.000593">
        </testcase>
        <testcase classname="tests/api/contracts.test.ts" name="API Contract: Sketch Endpoint &gt; POST /api/sketches - Request Schema &gt; should accept minimal valid sketch" time="0.0009531">
        </testcase>
        <testcase classname="tests/api/contracts.test.ts" name="API Contract: Sketch Endpoint &gt; POST /api/sketches - Request Schema &gt; should accept full valid sketch" time="0.0003325">
        </testcase>
        <testcase classname="tests/api/contracts.test.ts" name="API Contract: Sketch Endpoint &gt; POST /api/sketches - Request Schema &gt; should enforce node structure" time="0.0007215">
        </testcase>
        <testcase classname="tests/api/contracts.test.ts" name="API Contract: Sketch Endpoint &gt; POST /api/sketches - Request Schema &gt; should enforce edge structure" time="0.0003944">
        </testcase>
        <testcase classname="tests/api/contracts.test.ts" name="API Contract: Sketch Endpoint &gt; POST /api/sketches - Request Schema &gt; should enforce size limits" time="0.0117772">
        </testcase>
        <testcase classname="tests/api/contracts.test.ts" name="API Contract: Organization Endpoint &gt; POST /api/organizations - Request Schema &gt; should require name field" time="0.0005403">
        </testcase>
        <testcase classname="tests/api/contracts.test.ts" name="API Contract: Organization Endpoint &gt; POST /api/organizations - Request Schema &gt; should accept valid organization" time="0.000187">
        </testcase>
        <testcase classname="tests/api/contracts.test.ts" name="API Contract: Organization Endpoint &gt; POST /api/organizations - Request Schema &gt; should reject empty name" time="0.0002444">
        </testcase>
        <testcase classname="tests/api/contracts.test.ts" name="API Contract: Features Endpoint &gt; PUT /api/features - Request Schema &gt; should accept valid features update" time="0.0003341">
        </testcase>
        <testcase classname="tests/api/contracts.test.ts" name="API Contract: Features Endpoint &gt; PUT /api/features - Request Schema &gt; should reject unknown feature keys" time="0.0002547">
        </testcase>
        <testcase classname="tests/api/contracts.test.ts" name="API Contract: Features Endpoint &gt; PUT /api/features - Request Schema &gt; should reject non-boolean values" time="0.0002281">
        </testcase>
        <testcase classname="tests/api/contracts.test.ts" name="API Contract: Users Endpoint &gt; PUT /api/users/:id - Request Schema &gt; should accept valid role update" time="0.0002964">
        </testcase>
        <testcase classname="tests/api/contracts.test.ts" name="API Contract: Users Endpoint &gt; PUT /api/users/:id - Request Schema &gt; should accept valid organization assignment" time="0.0004872">
        </testcase>
        <testcase classname="tests/api/contracts.test.ts" name="API Contract: Users Endpoint &gt; PUT /api/users/:id - Request Schema &gt; should reject invalid role" time="0.0002743">
        </testcase>
        <testcase classname="tests/api/contracts.test.ts" name="API Contract: Users Endpoint &gt; PUT /api/users/:id - Request Schema &gt; should reject invalid UUID for organizationId" time="0.0017105">
        </testcase>
        <testcase classname="tests/api/contracts.test.ts" name="API Contract: Response Schemas &gt; should document sketch response structure" time="0.0025256">
        </testcase>
        <testcase classname="tests/api/contracts.test.ts" name="API Contract: Response Schemas &gt; should document error response structure" time="0.000343">
        </testcase>
        <testcase classname="tests/api/contracts.test.ts" name="API Contract: Response Schemas &gt; should document list response structure" time="0.000287">
        </testcase>
    </testsuite>
    <testsuite name="tests/api/sketches.test.ts" timestamp="2026-02-05T12:18:39.328Z" hostname="DESKTOP-N8CMKV6" tests="10" failures="0" errors="0" skipped="0" time="9.6654627">
        <testcase classname="tests/api/sketches.test.ts" name="Sketches API Integration Tests &gt; GET /api/sketches &gt; should return 401 if unauthorized" time="6.0327969">
            <system-out>
[Auth] Initializing Better Auth with: {
  hasSecret: false,
  hasDbConnection: true,
  baseURL: &apos;http://localhost:3000&apos;,
  vercelUrl: undefined
}

[API /api/sketches] GET request started

[DB] Database initialized successfully

            </system-out>
            <system-err>
[API /api/sketches] Auth failed: Unauthorized

            </system-err>
        </testcase>
        <testcase classname="tests/api/sketches.test.ts" name="Sketches API Integration Tests &gt; GET /api/sketches &gt; should return sketches for authenticated user" time="0.4533561">
            <system-out>
[API /api/sketches] GET request started

[API /api/sketches] User test_user_integration_1770293909596 fetched 1 own sketches

            </system-out>
        </testcase>
        <testcase classname="tests/api/sketches.test.ts" name="Sketches API Integration Tests &gt; GET /api/sketches &gt; should not return sketches of other users" time="0.4524729">
            <system-out>
[API /api/sketches] GET request started

[API /api/sketches] User test_user_other_1770293909596 fetched 0 own sketches

            </system-out>
        </testcase>
        <testcase classname="tests/api/sketches.test.ts" name="Sketches API Integration Tests &gt; POST /api/sketches &gt; should create a new sketch" time="0.3078417">
            <system-out>
[API /api/sketches] POST request started

[API /api/sketches] Created sketch 60f36078-46d8-4e7c-a774-b0060ec205fe for test_user_integration_1770293909596 in project none

            </system-out>
        </testcase>
        <testcase classname="tests/api/sketches.test.ts" name="Sketches API Integration Tests &gt; POST /api/sketches &gt; should return 400 for invalid data" time="0.0027846">
            <system-out>
[API /api/sketches] POST request started

            </system-out>
            <system-err>
[API /api/sketches] Validation failed: [ &apos;name must be a string or null&apos; ]
[API /api/sketches] Request body summary: {
  name: 123,
  nameType: &apos;number&apos;,
  nodesCount: &apos;not array&apos;,
  edgesCount: &apos;not array&apos;,
  adminConfigType: &apos;undefined&apos;,
  creationDateType: &apos;undefined&apos;,
  projectId: undefined
}

            </system-err>
        </testcase>
        <testcase classname="tests/api/sketches.test.ts" name="Sketches API Integration Tests &gt; PUT /api/sketches/[id] &gt; should update an existing sketch" time="0.4814884">
            <system-out>
[API /api/sketches/afa02d15-ba91-4d73-9d23-41d9322724a1] PUT request started

[API /api/sketches/afa02d15-ba91-4d73-9d23-41d9322724a1] Updated sketch

            </system-out>
        </testcase>
        <testcase classname="tests/api/sketches.test.ts" name="Sketches API Integration Tests &gt; PUT /api/sketches/[id] &gt; should return 404 when updating non-existent sketch" time="0.3003344">
            <system-out>
[API /api/sketches/00000000-0000-0000-0000-000000000000] PUT request started

            </system-out>
        </testcase>
        <testcase classname="tests/api/sketches.test.ts" name="Sketches API Integration Tests &gt; PUT /api/sketches/[id] &gt; should not allow updating other users sketch" time="0.3009583">
            <system-out>
[API /api/sketches/afa02d15-ba91-4d73-9d23-41d9322724a1] PUT request started

            </system-out>
        </testcase>
        <testcase classname="tests/api/sketches.test.ts" name="Sketches API Integration Tests &gt; DELETE /api/sketches/[id] &gt; should delete a sketch" time="0.453543">
            <system-out>
[API /api/sketches/11940049-ea8b-4664-aeea-e621ed7b96c5] DELETE request started

[API /api/sketches/11940049-ea8b-4664-aeea-e621ed7b96c5] Deleted sketch

            </system-out>
        </testcase>
        <testcase classname="tests/api/sketches.test.ts" name="Sketches API Integration Tests &gt; DELETE /api/sketches/[id] &gt; should return 404 when deleting non-existent sketch" time="0.1505657">
            <system-out>
[API /api/sketches/00000000-0000-0000-0000-000000000000] DELETE request started

            </system-out>
        </testcase>
    </testsuite>
    <testsuite name="tests/api/validators.test.ts" timestamp="2026-02-05T12:18:39.333Z" hostname="DESKTOP-N8CMKV6" tests="12" failures="0" errors="0" skipped="0" time="0.0134168">
        <testcase classname="tests/api/validators.test.ts" name="Validators Unit Tests &gt; validateSketchInput &gt; should return null for valid sketch data" time="0.0023662">
        </testcase>
        <testcase classname="tests/api/validators.test.ts" name="Validators Unit Tests &gt; validateSketchInput &gt; should return null for minimal valid sketch" time="0.0004121">
        </testcase>
        <testcase classname="tests/api/validators.test.ts" name="Validators Unit Tests &gt; validateSketchInput &gt; should return null for sketch with dangling edges" time="0.0002669">
        </testcase>
        <testcase classname="tests/api/validators.test.ts" name="Validators Unit Tests &gt; validateSketchInput &gt; should reject non-string name" time="0.0015748">
        </testcase>
        <testcase classname="tests/api/validators.test.ts" name="Validators Unit Tests &gt; validateSketchInput &gt; should reject non-array nodes" time="0.0004897">
        </testcase>
        <testcase classname="tests/api/validators.test.ts" name="Validators Unit Tests &gt; validateSketchInput &gt; should reject nodes without numeric coordinates" time="0.0003883">
        </testcase>
        <testcase classname="tests/api/validators.test.ts" name="Validators Unit Tests &gt; validateSketchInput &gt; should reject nodes without id" time="0.00035">
        </testcase>
        <testcase classname="tests/api/validators.test.ts" name="Validators Unit Tests &gt; validateSketchInput &gt; should reject edges that have neither tail nor head" time="0.0004172">
        </testcase>
        <testcase classname="tests/api/validators.test.ts" name="Validators Unit Tests &gt; validateSketchInput &gt; should reject oversized node array" time="0.0022944">
        </testcase>
        <testcase classname="tests/api/validators.test.ts" name="Validators Unit Tests &gt; validateSketchInput &gt; should reject non-object adminConfig" time="0.0006034">
        </testcase>
        <testcase classname="tests/api/validators.test.ts" name="Validators Unit Tests &gt; validateUUID &gt; should return true for valid UUID" time="0.000862">
        </testcase>
        <testcase classname="tests/api/validators.test.ts" name="Validators Unit Tests &gt; validateUUID &gt; should return false for invalid UUID format" time="0.0003769">
        </testcase>
    </testsuite>
</testsuites>
