<?xml version="1.0" encoding="UTF-8" ?>
<testsuites name="vitest tests" tests="175" failures="6" errors="0" time="10.159549">
    <testsuite name="tests/coordinates.test.ts" timestamp="2026-02-05T12:18:39.161Z" hostname="DESKTOP-N8CMKV6" tests="24" failures="0" errors="0" skipped="0" time="0.0293318">
        <testcase classname="tests/coordinates.test.ts" name="Coordinates Module &gt; parseCoordinatesCsv &gt; should parse CSV with header row" time="0.0041579">
        </testcase>
        <testcase classname="tests/coordinates.test.ts" name="Coordinates Module &gt; parseCoordinatesCsv &gt; should parse CSV without header row" time="0.00066">
        </testcase>
        <testcase classname="tests/coordinates.test.ts" name="Coordinates Module &gt; parseCoordinatesCsv &gt; should handle ITM coordinates (large numbers)" time="0.0006664">
        </testcase>
        <testcase classname="tests/coordinates.test.ts" name="Coordinates Module &gt; parseCoordinatesCsv &gt; should handle empty lines and whitespace" time="0.000346">
        </testcase>
        <testcase classname="tests/coordinates.test.ts" name="Coordinates Module &gt; parseCoordinatesCsv &gt; should handle quoted values in CSV" time="0.0004431">
        </testcase>
        <testcase classname="tests/coordinates.test.ts" name="Coordinates Module &gt; parseCoordinatesCsv &gt; should skip invalid rows" time="0.0003409">
        </testcase>
        <testcase classname="tests/coordinates.test.ts" name="Coordinates Module &gt; parseCoordinatesCsv &gt; should return empty map for empty input" time="0.0005711">
        </testcase>
        <testcase classname="tests/coordinates.test.ts" name="Coordinates Module &gt; calculateCoordinateBounds &gt; should calculate correct bounds for ITM coordinates" time="0.0008272">
        </testcase>
        <testcase classname="tests/coordinates.test.ts" name="Coordinates Module &gt; calculateCoordinateBounds &gt; should handle single coordinate" time="0.000527">
        </testcase>
        <testcase classname="tests/coordinates.test.ts" name="Coordinates Module &gt; surveyToCanvas &gt; should transform ITM coordinates to canvas coordinates" time="0.0009716">
        </testcase>
        <testcase classname="tests/coordinates.test.ts" name="Coordinates Module &gt; surveyToCanvas &gt; should maintain aspect ratio" time="0.0003106">
        </testcase>
        <testcase classname="tests/coordinates.test.ts" name="Coordinates Module &gt; surveyToCanvas &gt; should handle very small coordinate differences" time="0.0004716">
        </testcase>
        <testcase classname="tests/coordinates.test.ts" name="Coordinates Module &gt; surveyToCanvas &gt; should handle identical coordinates (single point)" time="0.0003831">
        </testcase>
        <testcase classname="tests/coordinates.test.ts" name="Coordinates Module &gt; applyCoordinatesToNodes &gt; should apply ITM coordinates to matching nodes" time="0.0041526">
            <system-out>
=== COORDINATE APPLICATION DEBUG ===
Found 3 nodes with matching coordinates
Matched coordinate bounds: { minX: 182000, maxX: 183000, minY: 654000, maxY: 655000 }
Survey extent (meters): { width: 1000, height: 1000 }
Canvas dimensions (pixels): { width: 800, height: 600 }
Using scale: 100.00 pixels/meter (auto calculated)
Sample matched coordinates:
  Node 1: ITM(182000.00, 654000.00)
  Node 2: ITM(183000.00, 655000.00)
  Node 3: ITM(182500.00, 654500.00)
Transform node 1: ITM(182000.00, 654000.00) -&gt; Canvas(-49600.00, 50300.00)
Transform node 2: ITM(183000.00, 655000.00) -&gt; Canvas(50400.00, -49700.00)
Transform node 3: ITM(182500.00, 654500.00) -&gt; Canvas(400.00, 300.00)
Canvas position spread: {
  xMin: &apos;-49600.00&apos;,
  xMax: &apos;50400.00&apos;,
  xRange: &apos;100000.00&apos;,
  yMin: &apos;-49700.00&apos;,
  yMax: &apos;50300.00&apos;,
  yRange: &apos;100000.00&apos;
}
Applied coordinates: 3 matched, 0 unmatched
=== END COORDINATE DEBUG ===

            </system-out>
        </testcase>
        <testcase classname="tests/coordinates.test.ts" name="Coordinates Module &gt; applyCoordinatesToNodes &gt; should handle partial coordinate matches" time="0.001402">
            <system-out>
=== COORDINATE APPLICATION DEBUG ===
Found 2 nodes with matching coordinates
Matched coordinate bounds: { minX: 182000, maxX: 183000, minY: 654000, maxY: 655000 }
Survey extent (meters): { width: 1000, height: 1000 }
Canvas dimensions (pixels): { width: 800, height: 600 }
Using scale: 100.00 pixels/meter (auto calculated)
Sample matched coordinates:
  Node 1: ITM(182000.00, 654000.00)
  Node 3: ITM(183000.00, 655000.00)
Transform node 1: ITM(182000.00, 654000.00) -&gt; Canvas(-49600.00, 50300.00)
Transform node 3: ITM(183000.00, 655000.00) -&gt; Canvas(50400.00, -49700.00)
Canvas position spread: {
  xMin: &apos;-49600.00&apos;,
  xMax: &apos;50400.00&apos;,
  xRange: &apos;100000.00&apos;,
  yMin: &apos;-49700.00&apos;,
  yMax: &apos;50300.00&apos;,
  yRange: &apos;100000.00&apos;
}
Applied coordinates: 2 matched, 1 unmatched
=== END COORDINATE DEBUG ===

            </system-out>
        </testcase>
        <testcase classname="tests/coordinates.test.ts" name="Coordinates Module &gt; applyCoordinatesToNodes &gt; should handle nodes with string IDs" time="0.0010538">
            <system-out>
=== COORDINATE APPLICATION DEBUG ===
Found 2 nodes with matching coordinates
Matched coordinate bounds: { minX: 182000, maxX: 183000, minY: 654000, maxY: 655000 }
Survey extent (meters): { width: 1000, height: 1000 }
Canvas dimensions (pixels): { width: 800, height: 600 }
Using scale: 100.00 pixels/meter (auto calculated)
Sample matched coordinates:
  Node A1: ITM(182000.00, 654000.00)
  Node B2: ITM(183000.00, 655000.00)
Transform node A1: ITM(182000.00, 654000.00) -&gt; Canvas(-49600.00, 50300.00)
Transform node B2: ITM(183000.00, 655000.00) -&gt; Canvas(50400.00, -49700.00)
Canvas position spread: {
  xMin: &apos;-49600.00&apos;,
  xMax: &apos;50400.00&apos;,
  xRange: &apos;100000.00&apos;,
  yMin: &apos;-49700.00&apos;,
  yMax: &apos;50300.00&apos;,
  yRange: &apos;100000.00&apos;
}
Applied coordinates: 2 matched, 0 unmatched
=== END COORDINATE DEBUG ===

            </system-out>
        </testcase>
        <testcase classname="tests/coordinates.test.ts" name="Coordinates Module &gt; applyCoordinatesToNodes &gt; should handle empty coordinate map" time="0.0003232">
        </testcase>
        <testcase classname="tests/coordinates.test.ts" name="Coordinates Module &gt; applyCoordinatesToNodes &gt; should handle real-world ITM coordinate spread" time="0.0031588">
            <system-out>
=== COORDINATE APPLICATION DEBUG ===
Found 20 nodes with matching coordinates
Matched coordinate bounds: { minX: 182000, maxX: 182200, minY: 654000, maxY: 654200 }
Survey extent (meters): { width: 200, height: 200 }
Canvas dimensions (pixels): { width: 800, height: 600 }
Using scale: 2.00 pixels/meter (user specified)
Sample matched coordinates:
  Node 1: ITM(182050.00, 654000.00)
  Node 2: ITM(182100.00, 654000.00)
  Node 3: ITM(182150.00, 654000.00)
  Node 4: ITM(182200.00, 654000.00)
  Node 5: ITM(182000.00, 654050.00)
Transform node 1: ITM(182050.00, 654000.00) -&gt; Canvas(300.00, 500.00)
Transform node 2: ITM(182100.00, 654000.00) -&gt; Canvas(400.00, 500.00)
Transform node 3: ITM(182150.00, 654000.00) -&gt; Canvas(500.00, 500.00)
Canvas position spread: {
  xMin: &apos;200.00&apos;,
  xMax: &apos;600.00&apos;,
  xRange: &apos;400.00&apos;,
  yMin: &apos;100.00&apos;,
  yMax: &apos;500.00&apos;,
  yRange: &apos;400.00&apos;
}
Applied coordinates: 20 matched, 0 unmatched
=== END COORDINATE DEBUG ===

            </system-out>
        </testcase>
        <testcase classname="tests/coordinates.test.ts" name="Coordinates Module &gt; createCoordinateLookup &gt; should provide lookup functions" time="0.0009588">
        </testcase>
        <testcase classname="tests/coordinates.test.ts" name="Coordinates Module &gt; approximateUncoordinatedNodePositions &gt; should position uncoordinated nodes using distance ratio and angle" time="0.0019406">
            <system-out>
Approximating positions for 1 nodes without coordinates
Scale factor for uncoordinated nodes: 1.000 (from 0 edges)
Positioned node 2: angle=0.0°, dist=100.0px from node 1

            </system-out>
        </testcase>
        <testcase classname="tests/coordinates.test.ts" name="Coordinates Module &gt; approximateUncoordinatedNodePositions &gt; should lock nodes with coordinates" time="0.0003446">
        </testcase>
        <testcase classname="tests/coordinates.test.ts" name="Coordinates Module &gt; approximateUncoordinatedNodePositions &gt; should not lock uncoordinated nodes" time="0.0005001">
            <system-out>
Approximating positions for 1 nodes without coordinates
Scale factor for uncoordinated nodes: 1.000 (from 0 edges)
Positioned node 2: angle=0.0°, dist=100.0px from node 1

            </system-out>
        </testcase>
        <testcase classname="tests/coordinates.test.ts" name="Coordinates Module &gt; approximateUncoordinatedNodePositions &gt; should position isolated uncoordinated nodes at centroid" time="0.0006216">
            <system-out>
Approximating positions for 1 nodes without coordinates
Scale factor for uncoordinated nodes: 1.000 (from 1 edges)

            </system-out>
        </testcase>
        <testcase classname="tests/coordinates.test.ts" name="Coordinates Module &gt; approximateUncoordinatedNodePositions &gt; should preserve angle from original sketch" time="0.0005611">
            <system-out>
Approximating positions for 1 nodes without coordinates
Scale factor for uncoordinated nodes: 1.000 (from 0 edges)
Positioned node 2: angle=-90.0°, dist=100.0px from node 1

            </system-out>
        </testcase>
    </testsuite>
    <testsuite name="tests/map-coordinates.test.ts" timestamp="2026-02-05T12:18:39.189Z" hostname="DESKTOP-N8CMKV6" tests="22" failures="0" errors="0" skipped="0" time="0.028564">
        <testcase classname="tests/map-coordinates.test.ts" name="ITM Coordinate System &gt; ITM to WGS84 Conversion &gt; should convert central Israel ITM coordinates to WGS84 correctly" time="0.0053457">
        </testcase>
        <testcase classname="tests/map-coordinates.test.ts" name="ITM Coordinate System &gt; ITM to WGS84 Conversion &gt; should convert Jerusalem ITM coordinates to WGS84 correctly" time="0.0007303">
        </testcase>
        <testcase classname="tests/map-coordinates.test.ts" name="ITM Coordinate System &gt; ITM to WGS84 Conversion &gt; should handle roundtrip conversion with minimal error" time="0.0012526">
        </testcase>
        <testcase classname="tests/map-coordinates.test.ts" name="ITM Coordinate System &gt; ITM to WGS84 Conversion &gt; should convert reference point correctly" time="0.0006339">
        </testcase>
        <testcase classname="tests/map-coordinates.test.ts" name="ITM Coordinate System &gt; WGS84 to ITM Conversion &gt; should convert Tel Aviv WGS84 to ITM correctly" time="0.0006171">
        </testcase>
        <testcase classname="tests/map-coordinates.test.ts" name="ITM Coordinate System &gt; WGS84 to ITM Conversion &gt; should handle edge cases near Israel borders" time="0.0005801">
        </testcase>
        <testcase classname="tests/map-coordinates.test.ts" name="Tile Coordinate System &gt; WGS84 to Tile Conversion &gt; should convert Tel Aviv coordinates to correct tiles at zoom 17" time="0.0008627">
        </testcase>
        <testcase classname="tests/map-coordinates.test.ts" name="Tile Coordinate System &gt; WGS84 to Tile Conversion &gt; should convert tiles back to WGS84 correctly" time="0.0004857">
        </testcase>
        <testcase classname="tests/map-coordinates.test.ts" name="Tile Coordinate System &gt; Zoom Level Calculation &gt; should select appropriate zoom for 3 pixels/meter scale" time="0.0005308">
        </testcase>
        <testcase classname="tests/map-coordinates.test.ts" name="Tile Coordinate System &gt; Zoom Level Calculation &gt; should select higher zoom for detailed view" time="0.0003619">
        </testcase>
        <testcase classname="tests/map-coordinates.test.ts" name="Tile Coordinate System &gt; Zoom Level Calculation &gt; should select lower zoom for overview" time="0.0002692">
        </testcase>
        <testcase classname="tests/map-coordinates.test.ts" name="ITM to Tile Coordinate Alignment &gt; should correctly align ITM coordinates with map tiles" time="0.0005822">
        </testcase>
        <testcase classname="tests/map-coordinates.test.ts" name="ITM to Tile Coordinate Alignment &gt; should maintain spatial relationships when converting multiple points" time="0.0006249">
        </testcase>
        <testcase classname="tests/map-coordinates.test.ts" name="Canvas Coordinate Transformation &gt; Survey to Canvas Conversion &gt; should place points correctly relative to canvas center" time="0.0004083">
        </testcase>
        <testcase classname="tests/map-coordinates.test.ts" name="Canvas Coordinate Transformation &gt; Survey to Canvas Conversion &gt; should maintain correct scale with pixels per meter" time="0.0002282">
        </testcase>
        <testcase classname="tests/map-coordinates.test.ts" name="Canvas Coordinate Transformation &gt; Survey to Canvas Conversion &gt; should flip Y axis correctly (north = up in ITM, down in canvas)" time="0.0002134">
        </testcase>
        <testcase classname="tests/map-coordinates.test.ts" name="Canvas Coordinate Transformation &gt; View Bounds Calculation &gt; should calculate ITM bounds from canvas view correctly" time="0.0026962">
        </testcase>
        <testcase classname="tests/map-coordinates.test.ts" name="Canvas Coordinate Transformation &gt; View Bounds Calculation &gt; should account for view scale (zoom)" time="0.0003836">
        </testcase>
        <testcase classname="tests/map-coordinates.test.ts" name="Integration: ITM Nodes to Map Tiles &gt; should correctly position nodes with ITM coordinates on map" time="0.0035043">
            <system-out>
=== COORDINATE APPLICATION DEBUG ===
Found 3 nodes with matching coordinates
Matched coordinate bounds: { minX: 200000, maxX: 200010, minY: 649990, maxY: 650000 }
Survey extent (meters): { width: 10, height: 10 }
Canvas dimensions (pixels): { width: 800, height: 600 }
Using scale: 100.00 pixels/meter (auto calculated)
Sample matched coordinates:
  Node 1: ITM(200000.00, 650000.00)
  Node 2: ITM(200010.00, 650000.00)
  Node 3: ITM(200005.00, 649990.00)
Transform node 1: ITM(200000.00, 650000.00) -&gt; Canvas(-100.00, -200.00)
Transform node 2: ITM(200010.00, 650000.00) -&gt; Canvas(900.00, -200.00)
Transform node 3: ITM(200005.00, 649990.00) -&gt; Canvas(400.00, 800.00)
Canvas position spread: {
  xMin: &apos;-100.00&apos;,
  xMax: &apos;900.00&apos;,
  xRange: &apos;1000.00&apos;,
  yMin: &apos;-200.00&apos;,
  yMax: &apos;800.00&apos;,
  yRange: &apos;1000.00&apos;
}
Applied coordinates: 3 matched, 0 unmatched
=== END COORDINATE DEBUG ===

            </system-out>
        </testcase>
        <testcase classname="tests/map-coordinates.test.ts" name="Integration: ITM Nodes to Map Tiles &gt; should handle real-world ITM coordinate ranges" time="0.0020655">
            <system-out>
=== COORDINATE APPLICATION DEBUG ===
Found 3 nodes with matching coordinates
Matched coordinate bounds: { minX: 179523.45, maxX: 179561.78, minY: 664819.87, maxY: 664845.34 }
Survey extent (meters): { width: 38.329999999987194, height: 25.46999999997206 }
Canvas dimensions (pixels): { width: 1920, height: 1080 }
Using scale: 100.00 pixels/meter (auto calculated)
Sample matched coordinates:
  Node MH1: ITM(179523.45, 664832.12)
  Node MH2: ITM(179545.23, 664819.87)
  Node MH3: ITM(179561.78, 664845.34)
Transform node MH1: ITM(179523.45, 664832.12) -&gt; Canvas(-956.50, 588.50)
Transform node MH2: ITM(179545.23, 664819.87) -&gt; Canvas(1221.50, 1813.50)
Transform node MH3: ITM(179561.78, 664845.34) -&gt; Canvas(2876.50, -733.50)
Canvas position spread: {
  xMin: &apos;-956.50&apos;,
  xMax: &apos;2876.50&apos;,
  xRange: &apos;3833.00&apos;,
  yMin: &apos;-733.50&apos;,
  yMax: &apos;1813.50&apos;,
  yRange: &apos;2547.00&apos;
}
Applied coordinates: 3 matched, 0 unmatched
=== END COORDINATE DEBUG ===

            </system-out>
        </testcase>
        <testcase classname="tests/map-coordinates.test.ts" name="CSV Coordinate Import &gt; should parse ITM coordinates from CSV correctly" time="0.0018348">
        </testcase>
        <testcase classname="tests/map-coordinates.test.ts" name="CSV Coordinate Import &gt; should validate ITM coordinate ranges for Israel" time="0.0005424">
        </testcase>
    </testsuite>
    <testsuite name="tests/map-layer-integration.test.ts" timestamp="2026-02-05T12:18:39.197Z" hostname="DESKTOP-N8CMKV6" tests="7" failures="0" errors="0" skipped="0" time="0.0193787">
        <testcase classname="tests/map-layer-integration.test.ts" name="Map Layer Integration &gt; End-to-End Coordinate Flow &gt; should correctly transform Tel Aviv coordinates through full pipeline" time="0.0068477">
        </testcase>
        <testcase classname="tests/map-layer-integration.test.ts" name="Map Layer Integration &gt; End-to-End Coordinate Flow &gt; should handle complete manhole survey workflow" time="0.0017038">
        </testcase>
        <testcase classname="tests/map-layer-integration.test.ts" name="Map Layer Integration &gt; End-to-End Coordinate Flow &gt; should maintain accuracy across different regions of Israel" time="0.0029174">
            <system-out>
Metula (North): Error 0.000m
Haifa: Error 0.000m
Tel Aviv: Error 0.000m
Jerusalem: Error 0.000m
Be&apos;er Sheva: Error 0.000m
Eilat (South): Error 0.000m

            </system-out>
        </testcase>
        <testcase classname="tests/map-layer-integration.test.ts" name="Map Layer Integration &gt; Map Layer Alignment Verification &gt; should calculate correct reference point for canvas positioning" time="0.0005839">
        </testcase>
        <testcase classname="tests/map-layer-integration.test.ts" name="Map Layer Integration &gt; Map Layer Alignment Verification &gt; should handle coordinate scale correctly" time="0.0008644">
        </testcase>
        <testcase classname="tests/map-layer-integration.test.ts" name="Map Layer Integration &gt; Error Handling and Edge Cases &gt; should handle coordinates at edges of ITM valid range" time="0.0018025">
        </testcase>
        <testcase classname="tests/map-layer-integration.test.ts" name="Map Layer Integration &gt; Error Handling and Edge Cases &gt; should handle very close coordinates (sub-meter precision)" time="0.0016025">
        </testcase>
    </testsuite>
    <testsuite name="tests/map-tile-visibility.test.ts" timestamp="2026-02-05T12:18:39.200Z" hostname="DESKTOP-N8CMKV6" tests="9" failures="0" errors="0" skipped="0" time="0.0221053">
        <testcase classname="tests/map-tile-visibility.test.ts" name="Map Tile Visibility Tests &gt; Zoomed Out Scenarios &gt; should calculate correct view bounds when zoomed out" time="0.003102">
        </testcase>
        <testcase classname="tests/map-tile-visibility.test.ts" name="Map Tile Visibility Tests &gt; Zoomed Out Scenarios &gt; should generate enough tiles when zoomed out" time="0.0040592">
        </testcase>
        <testcase classname="tests/map-tile-visibility.test.ts" name="Map Tile Visibility Tests &gt; Zoomed Out Scenarios &gt; should not hit tile limit for normal zoomed-out views" time="0.0009554">
        </testcase>
        <testcase classname="tests/map-tile-visibility.test.ts" name="Map Tile Visibility Tests &gt; Zoomed Out Scenarios &gt; should select appropriate zoom level when zoomed out" time="0.0005217">
        </testcase>
        <testcase classname="tests/map-tile-visibility.test.ts" name="Map Tile Visibility Tests &gt; Zoomed Out Scenarios &gt; should handle panning to the right when zoomed out" time="0.0061747">
        </testcase>
        <testcase classname="tests/map-tile-visibility.test.ts" name="Map Tile Visibility Tests &gt; Zoomed Out Scenarios &gt; should maintain tile coverage across entire visible area" time="0.0007887">
        </testcase>
        <testcase classname="tests/map-tile-visibility.test.ts" name="Map Tile Visibility Tests &gt; Zoomed Out Scenarios &gt; should handle extreme zoom out without errors" time="0.0026049">
        </testcase>
        <testcase classname="tests/map-tile-visibility.test.ts" name="Map Tile Visibility Tests &gt; World Coordinate System &gt; should correctly convert ITM to world coordinates" time="0.0003837">
        </testcase>
        <testcase classname="tests/map-tile-visibility.test.ts" name="Map Tile Visibility Tests &gt; World Coordinate System &gt; should handle negative coordinate offsets" time="0.0003679">
        </testcase>
    </testsuite>
    <testsuite name="tests/sync-service.test.ts" timestamp="2026-02-05T12:18:39.204Z" hostname="DESKTOP-N8CMKV6" tests="17" failures="4" errors="0" skipped="0" time="0.053423">
        <testcase classname="tests/sync-service.test.ts" name="Sync Service Unit Tests &gt; syncFromCloud &gt; should fetch sketches and save to IndexedDB" time="0.0098531">
            <system-out>
[Sync] Starting cloud sync...

  Fetched 1 sketches from cloud

  Synced 1 sketches from cloud successfully

            </system-out>
        </testcase>
        <testcase classname="tests/sync-service.test.ts" name="Sync Service Unit Tests &gt; syncFromCloud &gt; should remove local sketches that were deleted in cloud" time="0.0017679">
            <system-out>
[Sync] Starting cloud sync...

  Fetched 0 sketches from cloud

  Synced 0 sketches from cloud successfully

            </system-out>
        </testcase>
        <testcase classname="tests/sync-service.test.ts" name="Sync Service Unit Tests &gt; syncFromCloud &gt; should not sync if offline" time="0.000918">
            <system-out>
Offline - loading from cache

            </system-out>
        </testcase>
        <testcase classname="tests/sync-service.test.ts" name="Sync Service Unit Tests &gt; syncSketchToCloud &gt; should POST new sketch without UUID" time="0.015484">
            <failure message="window is not defined" type="ReferenceError">
ReferenceError: window is not defined
 ❯ Module.syncSketchToCloud src/auth/sync-service.js:628:28
 ❯ tests/sync-service.test.ts:117:13
            </failure>
        </testcase>
        <testcase classname="tests/sync-service.test.ts" name="Sync Service Unit Tests &gt; syncSketchToCloud &gt; should PUT existing sketch with UUID" time="0.0011017">
            <failure message="window is not defined" type="ReferenceError">
ReferenceError: window is not defined
 ❯ Module.syncSketchToCloud src/auth/sync-service.js:628:28
 ❯ tests/sync-service.test.ts:138:13
            </failure>
        </testcase>
        <testcase classname="tests/sync-service.test.ts" name="Sync Service Unit Tests &gt; syncSketchToCloud &gt; should queue update if offline" time="0.0021566">
        </testcase>
        <testcase classname="tests/sync-service.test.ts" name="Sync Service Unit Tests &gt; debouncedSyncToCloud &gt; should debounce calls" time="0.006388">
            <failure message="expected &quot;vi.fn()&quot; to be called 1 times, but got 0 times" type="AssertionError">
AssertionError: expected &quot;vi.fn()&quot; to be called 1 times, but got 0 times
 ❯ tests/sync-service.test.ts:182:28
            </failure>
        </testcase>
        <testcase classname="tests/sync-service.test.ts" name="Sync Service Unit Tests &gt; Offline Queue &amp; processSyncQueue &gt; should process queued operations when online" time="0.0024397">
            <system-out>
Processing 2 queued sync operations

            </system-out>
        </testcase>
        <testcase classname="tests/sync-service.test.ts" name="Sync Service Unit Tests &gt; Offline Queue &amp; processSyncQueue &gt; should re-queue failed operations" time="0.0028975">
            <system-out>
Processing 1 queued sync operations

            </system-out>
            <system-err>
Failed to process sync op: {
  type: &apos;UPDATE&apos;,
  data: { id: &apos;12345678-1234-1234-1234-123456789011&apos;, name: &apos;Failed&apos; }
} Error: API Down
    at C:/Users/hussam/Documents/manholes-mapper/tests/sync-service.test.ts:208:47
    at file:///C:/Users/hussam/Documents/manholes-mapper/node_modules/@vitest/runner/dist/index.js:145:11
    at file:///C:/Users/hussam/Documents/manholes-mapper/node_modules/@vitest/runner/dist/index.js:915:26
    at file:///C:/Users/hussam/Documents/manholes-mapper/node_modules/@vitest/runner/dist/index.js:1243:20
    at new Promise (&lt;anonymous&gt;)
    at runWithTimeout (file:///C:/Users/hussam/Documents/manholes-mapper/node_modules/@vitest/runner/dist/index.js:1209:10)
    at file:///C:/Users/hussam/Documents/manholes-mapper/node_modules/@vitest/runner/dist/index.js:1653:37
    at Traces.$ (file:///C:/Users/hussam/Documents/manholes-mapper/node_modules/vitest/dist/chunks/traces.CCmnQaNT.js:142:27)
    at trace (file:///C:/Users/hussam/Documents/manholes-mapper/node_modules/vitest/dist/chunks/test.B8ej_ZHS.js:239:21)
    at runTest (file:///C:/Users/hussam/Documents/manholes-mapper/node_modules/@vitest/runner/dist/index.js:1653:12)

            </system-err>
        </testcase>
        <testcase classname="tests/sync-service.test.ts" name="Sync Service Unit Tests &gt; Conflict Resolution scenarios &gt; syncFromCloud should prioritize cloud data (current implementation)" time="0.0015252">
            <system-out>
[Sync] Starting cloud sync...

  Fetched 1 sketches from cloud

  Synced 1 sketches from cloud successfully

            </system-out>
        </testcase>
        <testcase classname="tests/sync-service.test.ts" name="Sync Service Unit Tests &gt; Conflict Resolution scenarios &gt; syncSketchToCloud should handle sketch created locally then synced" time="0.0008764">
            <failure message="window is not defined" type="ReferenceError">
ReferenceError: window is not defined
 ❯ Module.syncSketchToCloud src/auth/sync-service.js:628:28
 ❯ tests/sync-service.test.ts:241:13
            </failure>
        </testcase>
        <testcase classname="tests/sync-service.test.ts" name="Sync Service Unit Tests &gt; Sketch Deduplication &gt; should detect and remove duplicates with same content" time="0.0015769">
        </testcase>
        <testcase classname="tests/sync-service.test.ts" name="Sync Service Unit Tests &gt; Sketch Deduplication &gt; should keep all sketches if no duplicates" time="0.000501">
        </testcase>
        <testcase classname="tests/sync-service.test.ts" name="Sync Service Unit Tests &gt; Sketch Deduplication &gt; should prefer cloud UUID over local sk_ ID" time="0.0005876">
        </testcase>
        <testcase classname="tests/sync-service.test.ts" name="Sync Service Unit Tests &gt; Sketch Deduplication &gt; should prefer newer sketch when both have same ID type" time="0.0005149">
        </testcase>
        <testcase classname="tests/sync-service.test.ts" name="Sync Service Unit Tests &gt; Sketch Deduplication &gt; should handle empty array" time="0.000604">
        </testcase>
        <testcase classname="tests/sync-service.test.ts" name="Sync Service Unit Tests &gt; Sketch Deduplication &gt; should handle multiple groups of duplicates" time="0.0006662">
        </testcase>
    </testsuite>
    <testsuite name="tests/api/contracts.test.ts" timestamp="2026-02-05T12:18:39.220Z" hostname="DESKTOP-N8CMKV6" tests="22" failures="0" errors="0" skipped="0" time="0.0297905">
        <testcase classname="tests/api/contracts.test.ts" name="API Contract: Schema Constants &gt; VALID_ROLES &gt; should contain expected roles" time="0.0036221">
        </testcase>
        <testcase classname="tests/api/contracts.test.ts" name="API Contract: Schema Constants &gt; VALID_ROLES &gt; should have exactly 3 roles" time="0.000951">
        </testcase>
        <testcase classname="tests/api/contracts.test.ts" name="API Contract: Schema Constants &gt; VALID_FEATURE_KEYS &gt; should contain expected feature keys" time="0.001147">
        </testcase>
        <testcase classname="tests/api/contracts.test.ts" name="API Contract: Schema Constants &gt; VALID_FEATURE_KEYS &gt; should have exactly 6 feature keys" time="0.0004152">
        </testcase>
        <testcase classname="tests/api/contracts.test.ts" name="API Contract: Sketch Endpoint &gt; POST /api/sketches - Request Schema &gt; should accept minimal valid sketch" time="0.0005598">
        </testcase>
        <testcase classname="tests/api/contracts.test.ts" name="API Contract: Sketch Endpoint &gt; POST /api/sketches - Request Schema &gt; should accept full valid sketch" time="0.0004154">
        </testcase>
        <testcase classname="tests/api/contracts.test.ts" name="API Contract: Sketch Endpoint &gt; POST /api/sketches - Request Schema &gt; should enforce node structure" time="0.0006965">
        </testcase>
        <testcase classname="tests/api/contracts.test.ts" name="API Contract: Sketch Endpoint &gt; POST /api/sketches - Request Schema &gt; should enforce edge structure" time="0.0003874">
        </testcase>
        <testcase classname="tests/api/contracts.test.ts" name="API Contract: Sketch Endpoint &gt; POST /api/sketches - Request Schema &gt; should enforce size limits" time="0.0124041">
        </testcase>
        <testcase classname="tests/api/contracts.test.ts" name="API Contract: Organization Endpoint &gt; POST /api/organizations - Request Schema &gt; should require name field" time="0.0005214">
        </testcase>
        <testcase classname="tests/api/contracts.test.ts" name="API Contract: Organization Endpoint &gt; POST /api/organizations - Request Schema &gt; should accept valid organization" time="0.0002073">
        </testcase>
        <testcase classname="tests/api/contracts.test.ts" name="API Contract: Organization Endpoint &gt; POST /api/organizations - Request Schema &gt; should reject empty name" time="0.0002491">
        </testcase>
        <testcase classname="tests/api/contracts.test.ts" name="API Contract: Features Endpoint &gt; PUT /api/features - Request Schema &gt; should accept valid features update" time="0.0003336">
        </testcase>
        <testcase classname="tests/api/contracts.test.ts" name="API Contract: Features Endpoint &gt; PUT /api/features - Request Schema &gt; should reject unknown feature keys" time="0.0002442">
        </testcase>
        <testcase classname="tests/api/contracts.test.ts" name="API Contract: Features Endpoint &gt; PUT /api/features - Request Schema &gt; should reject non-boolean values" time="0.0002574">
        </testcase>
        <testcase classname="tests/api/contracts.test.ts" name="API Contract: Users Endpoint &gt; PUT /api/users/:id - Request Schema &gt; should accept valid role update" time="0.0002858">
        </testcase>
        <testcase classname="tests/api/contracts.test.ts" name="API Contract: Users Endpoint &gt; PUT /api/users/:id - Request Schema &gt; should accept valid organization assignment" time="0.0003427">
        </testcase>
        <testcase classname="tests/api/contracts.test.ts" name="API Contract: Users Endpoint &gt; PUT /api/users/:id - Request Schema &gt; should reject invalid role" time="0.0002156">
        </testcase>
        <testcase classname="tests/api/contracts.test.ts" name="API Contract: Users Endpoint &gt; PUT /api/users/:id - Request Schema &gt; should reject invalid UUID for organizationId" time="0.0003078">
        </testcase>
        <testcase classname="tests/api/contracts.test.ts" name="API Contract: Response Schemas &gt; should document sketch response structure" time="0.0020742">
        </testcase>
        <testcase classname="tests/api/contracts.test.ts" name="API Contract: Response Schemas &gt; should document error response structure" time="0.0002842">
        </testcase>
        <testcase classname="tests/api/contracts.test.ts" name="API Contract: Response Schemas &gt; should document list response structure" time="0.0002237">
        </testcase>
    </testsuite>
    <testsuite name="tests/api/sketches.test.ts" timestamp="2026-02-05T12:18:39.227Z" hostname="DESKTOP-N8CMKV6" tests="10" failures="0" errors="0" skipped="0" time="9.9182259">
        <testcase classname="tests/api/sketches.test.ts" name="Sketches API Integration Tests &gt; GET /api/sketches &gt; should return 401 if unauthorized" time="6.1312249">
            <system-out>
[Auth] Initializing Better Auth with: {
  hasSecret: false,
  hasDbConnection: true,
  baseURL: &apos;http://localhost:3000&apos;,
  vercelUrl: undefined
}

[API /api/sketches] GET request started

[DB] Database initialized successfully

            </system-out>
            <system-err>
[API /api/sketches] Auth failed: Unauthorized

            </system-err>
        </testcase>
        <testcase classname="tests/api/sketches.test.ts" name="Sketches API Integration Tests &gt; GET /api/sketches &gt; should return sketches for authenticated user" time="0.4555402">
            <system-out>
[API /api/sketches] GET request started

[API /api/sketches] User test_user_integration_1770293909177 fetched 1 own sketches

            </system-out>
        </testcase>
        <testcase classname="tests/api/sketches.test.ts" name="Sketches API Integration Tests &gt; GET /api/sketches &gt; should not return sketches of other users" time="0.4518429">
            <system-out>
[API /api/sketches] GET request started

[API /api/sketches] User test_user_other_1770293909177 fetched 0 own sketches

            </system-out>
        </testcase>
        <testcase classname="tests/api/sketches.test.ts" name="Sketches API Integration Tests &gt; POST /api/sketches &gt; should create a new sketch" time="0.3013065">
            <system-out>
[API /api/sketches] POST request started

[API /api/sketches] Created sketch 35018be6-61b7-4d55-a5f3-95faa6851e4f for test_user_integration_1770293909177 in project none

            </system-out>
        </testcase>
        <testcase classname="tests/api/sketches.test.ts" name="Sketches API Integration Tests &gt; POST /api/sketches &gt; should return 400 for invalid data" time="0.0026344">
            <system-out>
[API /api/sketches] POST request started

            </system-out>
            <system-err>
[API /api/sketches] Validation failed: [ &apos;name must be a string or null&apos; ]
[API /api/sketches] Request body summary: {
  name: 123,
  nameType: &apos;number&apos;,
  nodesCount: &apos;not array&apos;,
  edgesCount: &apos;not array&apos;,
  adminConfigType: &apos;undefined&apos;,
  creationDateType: &apos;undefined&apos;,
  projectId: undefined
}

            </system-err>
        </testcase>
        <testcase classname="tests/api/sketches.test.ts" name="Sketches API Integration Tests &gt; PUT /api/sketches/[id] &gt; should update an existing sketch" time="0.492189">
            <system-out>
[API /api/sketches/197728d7-4eb0-434a-b2b0-e803bb2e2443] PUT request started

[API /api/sketches/197728d7-4eb0-434a-b2b0-e803bb2e2443] Updated sketch

            </system-out>
        </testcase>
        <testcase classname="tests/api/sketches.test.ts" name="Sketches API Integration Tests &gt; PUT /api/sketches/[id] &gt; should return 404 when updating non-existent sketch" time="0.2968595">
            <system-out>
[API /api/sketches/00000000-0000-0000-0000-000000000000] PUT request started

            </system-out>
        </testcase>
        <testcase classname="tests/api/sketches.test.ts" name="Sketches API Integration Tests &gt; PUT /api/sketches/[id] &gt; should not allow updating other users sketch" time="0.3060962">
            <system-out>
[API /api/sketches/197728d7-4eb0-434a-b2b0-e803bb2e2443] PUT request started

            </system-out>
        </testcase>
        <testcase classname="tests/api/sketches.test.ts" name="Sketches API Integration Tests &gt; DELETE /api/sketches/[id] &gt; should delete a sketch" time="0.4368302">
            <system-out>
[API /api/sketches/68ef87c1-7fae-4462-be07-9cae8675b75c] DELETE request started

[API /api/sketches/68ef87c1-7fae-4462-be07-9cae8675b75c] Deleted sketch

            </system-out>
        </testcase>
        <testcase classname="tests/api/sketches.test.ts" name="Sketches API Integration Tests &gt; DELETE /api/sketches/[id] &gt; should return 404 when deleting non-existent sketch" time="0.1565449">
            <system-out>
[API /api/sketches/00000000-0000-0000-0000-000000000000] DELETE request started

            </system-out>
        </testcase>
    </testsuite>
    <testsuite name="tests/api/validators.test.ts" timestamp="2026-02-05T12:18:39.236Z" hostname="DESKTOP-N8CMKV6" tests="12" failures="0" errors="0" skipped="0" time="0.0129711">
        <testcase classname="tests/api/validators.test.ts" name="Validators Unit Tests &gt; validateSketchInput &gt; should return null for valid sketch data" time="0.0022801">
        </testcase>
        <testcase classname="tests/api/validators.test.ts" name="Validators Unit Tests &gt; validateSketchInput &gt; should return null for minimal valid sketch" time="0.0003163">
        </testcase>
        <testcase classname="tests/api/validators.test.ts" name="Validators Unit Tests &gt; validateSketchInput &gt; should return null for sketch with dangling edges" time="0.0003009">
        </testcase>
        <testcase classname="tests/api/validators.test.ts" name="Validators Unit Tests &gt; validateSketchInput &gt; should reject non-string name" time="0.0015575">
        </testcase>
        <testcase classname="tests/api/validators.test.ts" name="Validators Unit Tests &gt; validateSketchInput &gt; should reject non-array nodes" time="0.0004687">
        </testcase>
        <testcase classname="tests/api/validators.test.ts" name="Validators Unit Tests &gt; validateSketchInput &gt; should reject nodes without numeric coordinates" time="0.0004192">
        </testcase>
        <testcase classname="tests/api/validators.test.ts" name="Validators Unit Tests &gt; validateSketchInput &gt; should reject nodes without id" time="0.0003747">
        </testcase>
        <testcase classname="tests/api/validators.test.ts" name="Validators Unit Tests &gt; validateSketchInput &gt; should reject edges that have neither tail nor head" time="0.0004153">
        </testcase>
        <testcase classname="tests/api/validators.test.ts" name="Validators Unit Tests &gt; validateSketchInput &gt; should reject oversized node array" time="0.0023088">
        </testcase>
        <testcase classname="tests/api/validators.test.ts" name="Validators Unit Tests &gt; validateSketchInput &gt; should reject non-object adminConfig" time="0.0004527">
        </testcase>
        <testcase classname="tests/api/validators.test.ts" name="Validators Unit Tests &gt; validateUUID &gt; should return true for valid UUID" time="0.0008705">
        </testcase>
        <testcase classname="tests/api/validators.test.ts" name="Validators Unit Tests &gt; validateUUID &gt; should return false for invalid UUID format" time="0.0003617">
        </testcase>
    </testsuite>
    <testsuite name="tests/e2e/auth.spec.ts" timestamp="2026-02-05T12:18:39.240Z" hostname="DESKTOP-N8CMKV6" tests="1" failures="1" errors="0" skipped="0" time="0">
        <testcase classname="tests/e2e/auth.spec.ts" name="tests/e2e/auth.spec.ts" time="0">
            <system-out>
[dotenv@17.2.3] injecting env (1) from .env.local -- tip: 👥 sync secrets across teammates &amp; machines: https://dotenvx.com/ops

            </system-out>
            <failure message="Playwright Test did not expect test.describe() to be called here.
Most common reasons include:
- You are calling test.describe() in a configuration file.
- You are calling test.describe() in a file that is imported by the configuration file.
- You have two different versions of @playwright/test. This usually happens
  when one of the dependencies in your package.json depends on @playwright/test." type="Error">
Error: Playwright Test did not expect test.describe() to be called here.
Most common reasons include:
- You are calling test.describe() in a configuration file.
- You are calling test.describe() in a file that is imported by the configuration file.
- You have two different versions of @playwright/test. This usually happens
  when one of the dependencies in your package.json depends on @playwright/test.
 ❯ TestTypeImpl._currentSuite node_modules/playwright/lib/common/testType.js:75:13
 ❯ TestTypeImpl._describe node_modules/playwright/lib/common/testType.js:115:24
 ❯ Function.describe node_modules/playwright/lib/transform/transform.js:282:12
 ❯ tests/e2e/auth.spec.ts:8:6
            </failure>
        </testcase>
    </testsuite>
    <testsuite name="tests/e2e/sketch.spec.ts" timestamp="2026-02-05T12:18:39.242Z" hostname="DESKTOP-N8CMKV6" tests="1" failures="1" errors="0" skipped="0" time="0">
        <testcase classname="tests/e2e/sketch.spec.ts" name="tests/e2e/sketch.spec.ts" time="0">
            <system-out>
[dotenv@17.2.3] injecting env (1) from .env.local -- tip: 🔑 add access controls to secrets: https://dotenvx.com/ops

            </system-out>
            <failure message="Playwright Test did not expect test.describe() to be called here.
Most common reasons include:
- You are calling test.describe() in a configuration file.
- You are calling test.describe() in a file that is imported by the configuration file.
- You have two different versions of @playwright/test. This usually happens
  when one of the dependencies in your package.json depends on @playwright/test." type="Error">
Error: Playwright Test did not expect test.describe() to be called here.
Most common reasons include:
- You are calling test.describe() in a configuration file.
- You are calling test.describe() in a file that is imported by the configuration file.
- You have two different versions of @playwright/test. This usually happens
  when one of the dependencies in your package.json depends on @playwright/test.
 ❯ TestTypeImpl._currentSuite node_modules/playwright/lib/common/testType.js:75:13
 ❯ TestTypeImpl._describe node_modules/playwright/lib/common/testType.js:115:24
 ❯ Function.describe node_modules/playwright/lib/transform/transform.js:282:12
 ❯ tests/e2e/sketch.spec.ts:8:6
            </failure>
        </testcase>
    </testsuite>
    <testsuite name="tests/unit/auth.test.ts" timestamp="2026-02-05T12:18:39.244Z" hostname="DESKTOP-N8CMKV6" tests="10" failures="0" errors="0" skipped="0" time="0.0160364">
        <testcase classname="tests/unit/auth.test.ts" name="sanitizeErrorMessage &gt; should return default message for null/undefined error in production" time="0.0034985">
        </testcase>
        <testcase classname="tests/unit/auth.test.ts" name="sanitizeErrorMessage &gt; should return custom default message when provided" time="0.0005265">
        </testcase>
        <testcase classname="tests/unit/auth.test.ts" name="sanitizeErrorMessage &gt; should return error message in development" time="0.0003867">
        </testcase>
        <testcase classname="tests/unit/auth.test.ts" name="sanitizeErrorMessage &gt; should handle string errors in development" time="0.0003771">
        </testcase>
        <testcase classname="tests/unit/auth.test.ts" name="parseBody &gt; should reject body exceeding max size based on Content-Length" time="0.0027506">
        </testcase>
        <testcase classname="tests/unit/auth.test.ts" name="parseBody &gt; should handle request with json() method" time="0.0017863">
        </testcase>
        <testcase classname="tests/unit/auth.test.ts" name="parseBody &gt; should handle request with body property" time="0.00022">
        </testcase>
        <testcase classname="tests/unit/auth.test.ts" name="parseBody &gt; should handle streaming request body" time="0.0011293">
        </testcase>
        <testcase classname="tests/unit/auth.test.ts" name="parseBody &gt; should handle empty streaming body" time="0.0006224">
        </testcase>
        <testcase classname="tests/unit/auth.test.ts" name="parseBody &gt; should reject streaming body exceeding max size" time="0.0014511">
        </testcase>
    </testsuite>
    <testsuite name="tests/unit/validators-extended.test.ts" timestamp="2026-02-05T12:18:39.248Z" hostname="DESKTOP-N8CMKV6" tests="40" failures="0" errors="0" skipped="0" time="0.0297223">
        <testcase classname="tests/unit/validators-extended.test.ts" name="validateString &gt; should return null for null input" time="0.0020597">
        </testcase>
        <testcase classname="tests/unit/validators-extended.test.ts" name="validateString &gt; should return null for undefined input" time="0.0003222">
        </testcase>
        <testcase classname="tests/unit/validators-extended.test.ts" name="validateString &gt; should return null for non-string input" time="0.0004713">
        </testcase>
        <testcase classname="tests/unit/validators-extended.test.ts" name="validateString &gt; should return the string for valid input" time="0.000475">
        </testcase>
        <testcase classname="tests/unit/validators-extended.test.ts" name="validateString &gt; should truncate strings exceeding max length" time="0.0003479">
        </testcase>
        <testcase classname="tests/unit/validators-extended.test.ts" name="validateString &gt; should use default max length of 1000" time="0.00025">
        </testcase>
        <testcase classname="tests/unit/validators-extended.test.ts" name="validateRole &gt; should accept all valid roles" time="0.0004979">
        </testcase>
        <testcase classname="tests/unit/validators-extended.test.ts" name="validateRole &gt; should reject invalid roles" time="0.0004308">
        </testcase>
        <testcase classname="tests/unit/validators-extended.test.ts" name="validateFeatureKey &gt; should accept all valid feature keys" time="0.0005819">
        </testcase>
        <testcase classname="tests/unit/validators-extended.test.ts" name="validateFeatureKey &gt; should reject invalid feature keys" time="0.0004845">
        </testcase>
        <testcase classname="tests/unit/validators-extended.test.ts" name="validateUUID &gt; should accept valid v4 UUIDs" time="0.0007081">
        </testcase>
        <testcase classname="tests/unit/validators-extended.test.ts" name="validateUUID &gt; should accept UUIDs in uppercase" time="0.0001902">
        </testcase>
        <testcase classname="tests/unit/validators-extended.test.ts" name="validateUUID &gt; should reject invalid formats" time="0.0005293">
        </testcase>
        <testcase classname="tests/unit/validators-extended.test.ts" name="validateSketchInput - edge cases &gt; should accept empty name string" time="0.0004221">
        </testcase>
        <testcase classname="tests/unit/validators-extended.test.ts" name="validateSketchInput - edge cases &gt; should accept null name" time="0.0001839">
        </testcase>
        <testcase classname="tests/unit/validators-extended.test.ts" name="validateSketchInput - edge cases &gt; should reject name exceeding 200 characters" time="0.0014021">
        </testcase>
        <testcase classname="tests/unit/validators-extended.test.ts" name="validateSketchInput - edge cases &gt; should accept edges array" time="0.000198">
        </testcase>
        <testcase classname="tests/unit/validators-extended.test.ts" name="validateSketchInput - edge cases &gt; should reject edges exceeding maximum" time="0.0105681">
        </testcase>
        <testcase classname="tests/unit/validators-extended.test.ts" name="validateSketchInput - edge cases &gt; should validate adminConfig is an object" time="0.0004723">
        </testcase>
        <testcase classname="tests/unit/validators-extended.test.ts" name="validateSketchInput - edge cases &gt; should accept valid creationDate string" time="0.0001923">
        </testcase>
        <testcase classname="tests/unit/validators-extended.test.ts" name="validateSketchInput - edge cases &gt; should reject non-string creationDate" time="0.000322">
        </testcase>
        <testcase classname="tests/unit/validators-extended.test.ts" name="validateUserUpdateInput &gt; should accept valid role update" time="0.0003167">
        </testcase>
        <testcase classname="tests/unit/validators-extended.test.ts" name="validateUserUpdateInput &gt; should reject invalid role" time="0.0002966">
        </testcase>
        <testcase classname="tests/unit/validators-extended.test.ts" name="validateUserUpdateInput &gt; should reject non-string role" time="0.0002369">
        </testcase>
        <testcase classname="tests/unit/validators-extended.test.ts" name="validateUserUpdateInput &gt; should accept valid organizationId" time="0.000209">
        </testcase>
        <testcase classname="tests/unit/validators-extended.test.ts" name="validateUserUpdateInput &gt; should accept null organizationId" time="0.0001678">
        </testcase>
        <testcase classname="tests/unit/validators-extended.test.ts" name="validateUserUpdateInput &gt; should reject invalid organizationId format" time="0.0002407">
        </testcase>
        <testcase classname="tests/unit/validators-extended.test.ts" name="validateUserUpdateInput &gt; should reject non-string organizationId" time="0.0002572">
        </testcase>
        <testcase classname="tests/unit/validators-extended.test.ts" name="validateOrganizationInput &gt; should accept valid organization name" time="0.0002787">
        </testcase>
        <testcase classname="tests/unit/validators-extended.test.ts" name="validateOrganizationInput &gt; should require name" time="0.0002862">
        </testcase>
        <testcase classname="tests/unit/validators-extended.test.ts" name="validateOrganizationInput &gt; should reject null name" time="0.0002528">
        </testcase>
        <testcase classname="tests/unit/validators-extended.test.ts" name="validateOrganizationInput &gt; should reject non-string name" time="0.0002636">
        </testcase>
        <testcase classname="tests/unit/validators-extended.test.ts" name="validateOrganizationInput &gt; should reject empty name" time="0.0002364">
        </testcase>
        <testcase classname="tests/unit/validators-extended.test.ts" name="validateOrganizationInput &gt; should reject name exceeding 200 characters" time="0.0002301">
        </testcase>
        <testcase classname="tests/unit/validators-extended.test.ts" name="validateFeaturesInput &gt; should accept valid features object" time="0.0003265">
        </testcase>
        <testcase classname="tests/unit/validators-extended.test.ts" name="validateFeaturesInput &gt; should require features object" time="0.0002087">
        </testcase>
        <testcase classname="tests/unit/validators-extended.test.ts" name="validateFeaturesInput &gt; should reject array as features" time="0.0002185">
        </testcase>
        <testcase classname="tests/unit/validators-extended.test.ts" name="validateFeaturesInput &gt; should reject invalid feature key" time="0.0002315">
        </testcase>
        <testcase classname="tests/unit/validators-extended.test.ts" name="validateFeaturesInput &gt; should reject non-boolean feature value" time="0.0002493">
        </testcase>
        <testcase classname="tests/unit/validators-extended.test.ts" name="validateFeaturesInput &gt; should collect multiple errors" time="0.0003488">
        </testcase>
    </testsuite>
</testsuites>
